<?xml version="1.0" encoding="UTF-8"?>
<!-- Generated by org.testng.reporters.JUnitReportReporter -->
<testsuite hostname="DESKTOP-5OBB02M" failures="0" tests="2" name="search.searchTest" time="164.971" errors="0" timestamp="2021-01-27T19:21:01 IST" skipped="0">
  <testcase classname="search.searchTest" name="fireFox" time="102.896"/>
  <system-out/>
  <testcase classname="search.searchTest" name="chrome" time="62.075"/>
  <system-out/>
</testsuite> <!-- search.searchTest -->
